2026-04-05 13:24:20,239 - INFO - __main__ - =====================================
2026-04-05 13:24:20,239 - INFO - __main__ - Starting Fraud Detection Pipeline...
2026-04-05 13:24:20,239 - INFO - __main__ - =====================================
2026-04-05 13:24:20,239 - INFO - __main__ - Running full training pipeline...
2026-04-05 13:24:39,031 - INFO - __main__ - Training completed.
2026-04-05 13:24:39,032 - INFO - __main__ - =====================================
2026-04-05 13:24:39,032 - INFO - __main__ - Testing Prediction...
2026-04-05 13:24:39,033 - INFO - __main__ - =====================================
2026-04-05 13:24:39,033 - INFO - __main__ - Loading trained model...
2026-04-05 13:24:39,033 - INFO - __main__ - Received input: {'step': 1, 'type': 'TRANSFER', 'amount': 5000, 'nameOrig': 'C123', 'nameDest': 'C456'}
2026-04-05 13:24:39,038 - INFO - __main__ - Prediction: 0, Probability: 0.2130
2026-04-05 13:25:49,858 - INFO - __main__ - =====================================
2026-04-05 13:25:49,858 - INFO - __main__ - Starting Fraud Detection Pipeline...
2026-04-05 13:25:49,858 - INFO - __main__ - =====================================
2026-04-05 13:25:49,858 - INFO - __main__ - Running full training pipeline...
2026-04-05 13:25:49,858 - INFO - src.train - Starting training pipeline...
2026-04-05 13:26:02,193 - INFO - src.train - Training Logistic Regression...
2026-04-05 13:26:04,300 - INFO - src.train - Training XGBoost...
2026-04-05 13:26:08,735 - INFO - src.train - Logistic Regression ROC-AUC: 0.8365
2026-04-05 13:26:08,735 - INFO - src.train - XGBoost ROC-AUC: 0.9397
2026-04-05 13:26:08,735 - INFO - src.train - Best model selected: XGBoost
2026-04-05 13:26:08,736 - INFO - src.train - Saved Logistic Regression
2026-04-05 13:26:08,737 - INFO - src.train - Saved XGBoost
2026-04-05 13:26:08,738 - INFO - src.train - Saved Best Model: XGBoost
2026-04-05 13:26:08,859 - INFO - __main__ - Training completed.
2026-04-05 13:26:08,859 - INFO - __main__ - =====================================
2026-04-05 13:26:08,860 - INFO - __main__ - Testing Prediction...
2026-04-05 13:26:08,860 - INFO - __main__ - =====================================
2026-04-05 13:26:08,860 - INFO - __main__ - Loading trained model...
2026-04-05 13:26:08,860 - INFO - __main__ - Received input: {'step': 1, 'type': 'TRANSFER', 'amount': 5000, 'nameOrig': 'C123', 'nameDest': 'C456'}
2026-04-05 13:26:08,865 - INFO - __main__ - Prediction: 0, Probability: 0.2130
2026-04-05 14:42:52,321 - INFO - __main__ - =====================================
2026-04-05 14:42:52,321 - INFO - __main__ - Starting Fraud Detection Pipeline...
2026-04-05 14:42:52,321 - INFO - __main__ - =====================================
2026-04-05 14:42:52,321 - INFO - __main__ - Running full training pipeline...
2026-04-05 14:42:52,321 - INFO - src.train - Starting training pipeline...
2026-04-05 14:43:04,932 - INFO - src.train - Training Logistic Regression...
2026-04-05 14:43:07,114 - INFO - src.train - Training XGBoost...
2026-04-05 14:43:23,688 - INFO - src.train - Logistic Regression ROC-AUC: 0.8365
2026-04-05 14:43:23,688 - INFO - src.train - XGBoost ROC-AUC: 0.9616
2026-04-05 14:43:23,689 - INFO - src.train - Best model selected: XGBoost
2026-04-05 14:43:23,689 - INFO - src.train - Saved Logistic Regression
2026-04-05 14:43:23,692 - INFO - src.train - Saved XGBoost
2026-04-05 14:43:23,694 - INFO - src.train - Saved Best Model: XGBoost
2026-04-05 14:43:23,788 - INFO - __main__ - Training completed.
2026-04-05 14:43:23,788 - INFO - __main__ - =====================================
2026-04-05 14:43:23,788 - INFO - __main__ - Testing Prediction...
2026-04-05 14:43:23,788 - INFO - __main__ - =====================================
2026-04-05 14:43:23,788 - INFO - __main__ - Loading trained model...
2026-04-05 14:43:23,791 - INFO - __main__ - Received input: {'step': 1, 'type': 'TRANSFER', 'amount': 5000, 'nameOrig': 'C123', 'nameDest': 'C456'}
2026-04-05 14:43:23,795 - INFO - __main__ - Prediction: 0, Probability: 0.0150
2026-04-05 15:22:08,710 - INFO - src.train - Starting training pipeline...
2026-04-05 15:22:21,288 - INFO - src.train - Training Logistic Regression...
2026-04-05 15:22:23,413 - INFO - src.train - Training XGBoost...
2026-04-05 15:22:39,683 - INFO - src.train - Logistic Regression ROC-AUC: 0.8365
2026-04-05 15:22:39,683 - INFO - src.train - XGBoost ROC-AUC: 0.9616
2026-04-05 15:22:39,683 - INFO - src.train - Best model selected: XGBoost
2026-04-05 15:22:39,685 - INFO - src.train - Saved Logistic Regression
2026-04-05 15:22:39,688 - INFO - src.train - Saved XGBoost
2026-04-05 15:22:39,691 - INFO - src.train - Saved Best Model: XGBoost
2026-04-05 15:24:29,167 - INFO - __main__ - Starting training pipeline...
2026-04-05 15:24:42,542 - INFO - __main__ - Training Logistic Regression...
2026-04-05 15:24:45,962 - INFO - __main__ - Training XGBoost...
2026-04-05 15:25:02,139 - INFO - __main__ - Logistic Regression ROC-AUC: 0.9349
2026-04-05 15:25:02,139 - INFO - __main__ - XGBoost ROC-AUC: 0.9748
2026-04-05 15:25:02,139 - INFO - __main__ - Best model selected: XGBoost
2026-04-05 15:25:02,140 - INFO - __main__ - Saved Logistic Regression
2026-04-05 15:25:02,142 - INFO - __main__ - Saved XGBoost
2026-04-05 15:25:02,144 - INFO - __main__ - Saved Best Model: XGBoost
2026-04-05 15:26:19,363 - INFO - __main__ - Starting training pipeline...
2026-04-05 15:26:33,079 - INFO - __main__ - Training Logistic Regression...
2026-04-05 15:26:37,453 - INFO - __main__ - Training XGBoost...
2026-04-05 15:26:53,988 - INFO - __main__ - Logistic Regression ROC-AUC: 0.9355
2026-04-05 15:26:53,989 - INFO - __main__ - XGBoost ROC-AUC: 0.9759
2026-04-05 15:26:53,989 - INFO - __main__ - Best model selected: XGBoost
2026-04-05 15:26:53,989 - INFO - __main__ - Saved Logistic Regression
2026-04-05 15:26:53,991 - INFO - __main__ - Saved XGBoost
2026-04-05 15:26:53,993 - INFO - __main__ - Saved Best Model: XGBoost
2026-04-05 15:28:00,280 - INFO - __main__ - Starting training pipeline...
2026-04-05 15:28:16,459 - INFO - __main__ - Training Logistic Regression...
2026-04-05 15:28:20,806 - INFO - __main__ - Training XGBoost...
2026-04-05 15:28:37,085 - INFO - __main__ - Logistic Regression ROC-AUC: 0.9355
2026-04-05 15:28:37,086 - INFO - __main__ - XGBoost ROC-AUC: 0.9759
2026-04-05 15:28:37,086 - INFO - __main__ - Best model selected: XGBoost
2026-04-05 15:28:37,086 - INFO - __main__ - Saved Logistic Regression
2026-04-05 15:28:37,088 - INFO - __main__ - Saved XGBoost
2026-04-05 15:28:37,090 - INFO - __main__ - Saved Best Model: XGBoost
2026-04-05 15:31:15,388 - INFO - __main__ - =====================================
2026-04-05 15:31:15,389 - INFO - __main__ - Starting Fraud Detection Pipeline...
2026-04-05 15:31:15,389 - INFO - __main__ - =====================================
2026-04-05 15:31:15,389 - INFO - __main__ - Running full training pipeline...
2026-04-05 15:31:15,389 - INFO - src.train - Starting training pipeline...
2026-04-05 15:31:31,370 - INFO - src.train - Training Logistic Regression...
2026-04-05 15:31:35,991 - INFO - src.train - Training XGBoost...
2026-04-05 15:31:52,060 - INFO - src.train - Logistic Regression ROC-AUC: 0.9355
2026-04-05 15:31:52,062 - INFO - src.train - XGBoost ROC-AUC: 0.9759
2026-04-05 15:31:52,062 - INFO - src.train - Best model selected: XGBoost
2026-04-05 15:31:52,062 - INFO - src.train - Saved Logistic Regression
2026-04-05 15:31:52,064 - INFO - src.train - Saved XGBoost
2026-04-05 15:31:52,066 - INFO - src.train - Saved Best Model: XGBoost
2026-04-05 15:31:52,271 - INFO - __main__ - Training completed.
2026-04-05 15:31:52,272 - INFO - __main__ - =====================================
2026-04-05 15:31:52,272 - INFO - __main__ - Testing Prediction...
2026-04-05 15:31:52,272 - INFO - __main__ - =====================================
2026-04-05 15:31:52,272 - INFO - __main__ - Loading trained model...
2026-04-05 15:31:52,274 - INFO - __main__ - Received input: {'step': 1, 'type': 'TRANSFER', 'amount': 5000, 'nameOrig': 'C123', 'nameDest': 'C456'}
2026-04-05 15:31:52,278 - INFO - __main__ - Prediction: 1, Probability: 0.7433
2026-04-05 15:53:23,543 - INFO - __main__ - =====================================
2026-04-05 15:53:23,545 - INFO - __main__ - Starting Fraud Detection Pipeline...
2026-04-05 15:53:23,545 - INFO - __main__ - =====================================
2026-04-05 15:53:23,545 - INFO - __main__ - Running full training pipeline...
2026-04-05 15:53:23,545 - INFO - src.train - Starting training pipeline...
2026-04-05 15:53:39,803 - INFO - src.train - Training Logistic Regression...
2026-04-05 15:53:44,019 - INFO - src.train - Training XGBoost...
2026-04-05 15:53:59,840 - INFO - src.train - Logistic Regression ROC-AUC: 0.9355
2026-04-05 15:53:59,841 - INFO - src.train - XGBoost ROC-AUC: 0.9759
2026-04-05 15:53:59,841 - INFO - src.train - Best model selected: XGBoost
2026-04-05 15:53:59,841 - INFO - src.train - Saved Logistic Regression
2026-04-05 15:53:59,844 - INFO - src.train - Saved XGBoost
2026-04-05 15:53:59,846 - INFO - src.train - Saved Best Model: XGBoost
2026-04-05 15:54:00,099 - INFO - __main__ - Training completed.
2026-04-05 15:54:00,100 - INFO - __main__ - =====================================
2026-04-05 15:54:00,100 - INFO - __main__ - Testing Prediction...
2026-04-05 15:54:00,100 - INFO - __main__ - =====================================
2026-04-05 15:54:00,100 - INFO - __main__ - Loading trained model...
2026-04-05 15:54:00,102 - INFO - __main__ - Received input: {'step': 1, 'type': 'TRANSFER', 'amount': 5000, 'nameOrig': 'C123', 'nameDest': 'C456'}
2026-04-05 15:54:00,108 - INFO - __main__ - Prediction: 1, Probability: 0.7433
2026-04-05 15:58:24,496 - INFO - __main__ - Starting training pipeline...
2026-04-05 15:58:41,231 - INFO - __main__ - Training Logistic Regression...
2026-04-05 15:58:50,285 - INFO - __main__ - Training XGBoost...
2026-04-05 15:59:07,357 - INFO - __main__ - Logistic Regression ROC-AUC: 0.9854
2026-04-05 15:59:07,357 - INFO - __main__ - XGBoost ROC-AUC: 0.9998
2026-04-05 15:59:07,357 - INFO - __main__ - Best model selected: XGBoost
2026-04-05 15:59:07,358 - INFO - __main__ - Saved Logistic Regression
2026-04-05 15:59:07,360 - INFO - __main__ - Saved XGBoost
2026-04-05 15:59:07,361 - INFO - __main__ - Saved Best Model: XGBoost
2026-04-05 16:01:57,486 - INFO - __main__ - =====================================
2026-04-05 16:01:57,486 - INFO - __main__ - Starting Fraud Detection Pipeline...
2026-04-05 16:01:57,486 - INFO - __main__ - =====================================
2026-04-05 16:01:57,486 - INFO - __main__ - Running full training pipeline...
2026-04-05 16:01:57,486 - INFO - src.train - Starting training pipeline...
2026-04-05 16:02:14,146 - INFO - src.train - Training Logistic Regression...
2026-04-05 16:02:24,756 - INFO - src.train - Training XGBoost...
2026-04-05 16:02:42,112 - INFO - src.train - Logistic Regression ROC-AUC: 0.9854
2026-04-05 16:02:42,112 - INFO - src.train - XGBoost ROC-AUC: 0.9998
2026-04-05 16:02:42,112 - INFO - src.train - Best model selected: XGBoost
2026-04-05 16:02:42,113 - INFO - src.train - Saved Logistic Regression
2026-04-05 16:02:42,115 - INFO - src.train - Saved XGBoost
2026-04-05 16:02:42,117 - INFO - src.train - Saved Best Model: XGBoost
2026-04-05 16:02:42,364 - INFO - __main__ - Training completed.
2026-04-05 16:02:42,364 - INFO - __main__ - =====================================
2026-04-05 16:02:42,364 - INFO - __main__ - Testing Prediction...
2026-04-05 16:02:42,364 - INFO - __main__ - =====================================
2026-04-05 16:02:42,364 - INFO - __main__ - Loading trained model...
2026-04-05 16:02:42,367 - INFO - __main__ - Received input: {'step': 1, 'type': 'TRANSFER', 'amount': 5000, 'nameOrig': 'C123', 'nameDest': 'C456'}
2026-04-05 16:02:42,373 - INFO - __main__ - Prediction: 0, Probability: 0.1152
2026-04-05 18:36:25,454 - INFO - __main__ - =====================================
2026-04-05 18:36:25,454 - INFO - __main__ - Starting Fraud Detection Pipeline...
2026-04-05 18:36:25,454 - INFO - __main__ - =====================================
2026-04-05 18:36:25,454 - INFO - __main__ - Running full training pipeline...
2026-04-05 18:36:25,454 - INFO - src.train - Starting training pipeline...
2026-04-05 18:36:41,872 - INFO - src.train - Training Logistic Regression...
2026-04-05 18:36:50,936 - INFO - src.train - Training XGBoost...
2026-04-05 18:37:09,182 - INFO - src.train - Logistic Regression ROC-AUC: 0.9854
2026-04-05 18:37:09,182 - INFO - src.train - XGBoost ROC-AUC: 0.9998
2026-04-05 18:37:09,182 - INFO - src.train - Best model selected: XGBoost
2026-04-05 18:37:09,183 - INFO - src.train - Saved Logistic Regression
2026-04-05 18:37:09,186 - INFO - src.train - Saved XGBoost
2026-04-05 18:37:09,187 - INFO - src.train - Saved Best Model: XGBoost
2026-04-05 18:37:09,313 - INFO - __main__ - Training completed.
2026-04-05 18:37:09,313 - INFO - __main__ - =====================================
2026-04-05 18:37:09,313 - INFO - __main__ - Testing Prediction...
2026-04-05 18:37:09,313 - INFO - __main__ - =====================================
2026-04-05 18:37:09,313 - INFO - __main__ - Loading trained model...
2026-04-05 18:37:09,315 - INFO - __main__ - Received input: {'step': 1, 'type': 'TRANSFER', 'amount': 5000, 'nameOrig': 'C123', 'nameDest': 'C456'}
2026-04-05 18:37:09,321 - INFO - __main__ - Prediction: 0, Probability: 0.1152
2026-04-05 18:42:56,478 - INFO - src.train - Starting training pipeline...
2026-04-05 18:43:12,289 - INFO - src.train - Training Logistic Regression...
2026-04-05 18:43:18,644 - INFO - src.train - Training XGBoost...
2026-04-05 18:43:36,408 - INFO - src.train - Logistic Regression ROC-AUC: 0.9854
2026-04-05 18:43:36,408 - INFO - src.train - XGBoost ROC-AUC: 0.9998
2026-04-05 18:43:36,408 - INFO - src.train - Best model selected: XGBoost
2026-04-05 18:43:36,409 - INFO - src.train - Saved Logistic Regression
2026-04-05 18:43:36,411 - INFO - src.train - Saved XGBoost
2026-04-05 18:43:36,413 - INFO - src.train - Saved Best Model: XGBoost
2026-04-05 18:46:46,121 - INFO - src.train - Starting training pipeline...
2026-04-05 18:47:02,032 - INFO - src.train - Training Logistic Regression...
2026-04-05 18:47:08,375 - INFO - src.train - Training XGBoost...
2026-04-05 18:47:16,256 - INFO - __main__ - =====================================
2026-04-05 18:47:16,256 - INFO - __main__ - Starting Fraud Detection Pipeline...
2026-04-05 18:47:16,256 - INFO - __main__ - =====================================
2026-04-05 18:47:16,256 - INFO - __main__ - Running full training pipeline...
2026-04-05 18:47:16,256 - INFO - src.train - Starting training pipeline...
2026-04-05 18:47:25,767 - INFO - src.train - Logistic Regression ROC-AUC: 0.9854
2026-04-05 18:47:25,767 - INFO - src.train - XGBoost ROC-AUC: 0.9998
2026-04-05 18:47:25,767 - INFO - src.train - Best model selected: XGBoost
2026-04-05 18:47:25,768 - INFO - src.train - Saved Logistic Regression
2026-04-05 18:47:25,770 - INFO - src.train - Saved XGBoost
2026-04-05 18:47:25,772 - INFO - src.train - Saved Best Model: XGBoost
2026-04-05 18:47:35,162 - INFO - src.train - Training Logistic Regression...
2026-04-05 18:47:45,718 - INFO - src.train - Training XGBoost...
2026-04-05 18:48:04,978 - INFO - src.train - Logistic Regression ROC-AUC: 0.9854
2026-04-05 18:48:04,978 - INFO - src.train - XGBoost ROC-AUC: 0.9998
2026-04-05 18:48:04,978 - INFO - src.train - Best model selected: XGBoost
2026-04-05 18:48:04,979 - INFO - src.train - Saved Logistic Regression
2026-04-05 18:48:04,980 - INFO - src.train - Saved XGBoost
2026-04-05 18:48:04,982 - INFO - src.train - Saved Best Model: XGBoost
2026-04-05 18:48:05,094 - INFO - __main__ - Training completed.
2026-04-05 18:48:05,094 - INFO - __main__ - =====================================
2026-04-05 18:48:05,094 - INFO - __main__ - Testing Prediction...
2026-04-05 18:48:05,094 - INFO - __main__ - =====================================
2026-04-05 18:48:05,094 - INFO - __main__ - Loading trained model...
2026-04-05 18:48:05,096 - INFO - __main__ - Received input: {'step': 1, 'type': 'TRANSFER', 'amount': 5000, 'nameOrig': 'C123', 'nameDest': 'C456'}
2026-04-05 18:48:05,102 - INFO - __main__ - Prediction: 0, Probability: 0.1152
2026-04-05 18:56:09,187 - INFO - __main__ - =====================================
2026-04-05 18:56:09,187 - INFO - __main__ - Starting Fraud Detection Pipeline...
2026-04-05 18:56:09,187 - INFO - __main__ - =====================================
2026-04-05 18:56:09,187 - INFO - __main__ - Running full training pipeline...
2026-04-05 18:56:09,187 - INFO - src.train - Starting training pipeline...
2026-04-05 18:56:25,386 - INFO - src.train - Training Logistic Regression...
2026-04-05 18:56:34,265 - INFO - src.train - Training XGBoost...
2026-04-05 18:56:51,929 - INFO - src.train - Logistic Regression ROC-AUC: 0.9854
2026-04-05 18:56:51,929 - INFO - src.train - XGBoost ROC-AUC: 0.9998
2026-04-05 18:56:51,929 - INFO - src.train - Best model selected: XGBoost
2026-04-05 18:56:51,930 - INFO - src.train - Saved Logistic Regression
2026-04-05 18:56:51,932 - INFO - src.train - Saved XGBoost
2026-04-05 18:56:51,935 - INFO - src.train - Saved Best Model: XGBoost
2026-04-05 18:56:52,073 - INFO - __main__ - Training completed.
2026-04-05 18:56:52,073 - INFO - __main__ - =====================================
2026-04-05 18:56:52,073 - INFO - __main__ - Testing Prediction...
2026-04-05 18:56:52,073 - INFO - __main__ - =====================================
2026-04-05 18:56:52,073 - INFO - __main__ - Loading trained model...
2026-04-05 18:56:52,075 - INFO - __main__ - Received input: {'step': 1, 'type': 'TRANSFER', 'amount': 5000, 'nameOrig': 'C123', 'nameDest': 'C456'}
2026-04-05 18:56:52,080 - INFO - __main__ - Prediction: 0, Probability: 0.1152
2026-04-05 19:55:07,662 - INFO - __main__ - =====================================
2026-04-05 19:55:07,662 - INFO - __main__ - Starting Fraud Detection Pipeline...
2026-04-05 19:55:07,662 - INFO - __main__ - =====================================
2026-04-05 19:55:07,662 - INFO - __main__ - Running full training pipeline...
2026-04-05 19:55:07,662 - INFO - src.train - Starting training pipeline...
2026-04-05 19:55:25,215 - INFO - src.train - Training Logistic Regression...
2026-04-05 19:55:34,290 - INFO - src.train - Training XGBoost...
2026-04-05 19:55:53,526 - INFO - src.train - Logistic Regression ROC-AUC: 0.9854
2026-04-05 19:55:53,526 - INFO - src.train - XGBoost ROC-AUC: 0.9998
2026-04-05 19:55:53,526 - INFO - src.train - Best model selected: XGBoost
2026-04-05 19:55:53,527 - INFO - src.train - Saved Logistic Regression
2026-04-05 19:55:53,529 - INFO - src.train - Saved XGBoost
2026-04-05 19:55:53,531 - INFO - src.train - Saved Best Model: XGBoost
2026-04-05 19:55:53,779 - INFO - __main__ - Training completed.
2026-04-05 19:55:53,779 - INFO - __main__ - =====================================
2026-04-05 19:55:53,779 - INFO - __main__ - Testing Prediction...
2026-04-05 19:55:53,779 - INFO - __main__ - =====================================
2026-04-05 19:55:53,779 - INFO - __main__ - Loading trained model...
2026-04-05 19:55:53,781 - INFO - __main__ - Received input: {'step': 1, 'type': 'TRANSFER', 'amount': 5000, 'nameOrig': 'C123', 'nameDest': 'C456'}
2026-04-05 19:55:53,791 - INFO - __main__ - Prediction: 0, Probability: 0.1152
